library/build/intermediates/manifest_merge_blame_file/debug/manifest-merger-blame-debug-report.txt
1<?xml version="1.0" encoding="utf-8"?>
2<manifest xmlns:android="http://schemas.android.com/apk/res/android"
3    package="info.hannes.liveedgedetection" >
4
5    <uses-sdk
6        android:minSdkVersion="21"
6-->src\main\AndroidManifest.xml
7        android:targetSdkVersion="33" />
7-->src\main\AndroidManifest.xml
8
9    <uses-permission android:name="android.permission.CAMERA" />
9-->src\main\AndroidManifest.xml:5:5-65
9-->src\main\AndroidManifest.xml:5:22-62
10    <uses-permission android:name="android.permission.WRITE_EXTERNAL_STORAGE" />
10-->src\main\AndroidManifest.xml:6:5-81
10-->src\main\AndroidManifest.xml:6:22-78
11
12    <uses-feature android:name="android.hardware.camera" />
12-->src\main\AndroidManifest.xml:8:5-60
12-->src\main\AndroidManifest.xml:8:19-57
13
14    <application android:supportsRtl="true" >
14-->src\main\AndroidManifest.xml:10:5-15:19
14-->src\main\AndroidManifest.xml:10:18-44
15        <activity
15-->src\main\AndroidManifest.xml:11:9-13:46
16            android:name="info.hannes.liveedgedetection.activity.ScanActivity"
16-->src\main\AndroidManifest.xml:12:13-50
17            android:theme="@style/AppTheme" />
17-->src\main\AndroidManifest.xml:13:13-44
18    </application>
19
20</manifest>